<?xml version="1.0" encoding="UTF-8"?>
<testng-results skipped="0" failed="0" total="2" passed="2">
  <reporter-output>
  </reporter-output>
  <suite name="Default suite" duration-ms="62" started-at="2017-09-25T17:35:34Z" finished-at="2017-09-25T17:35:34Z">
    <groups>
    </groups>
    <test name="Default test" duration-ms="62" started-at="2017-09-25T17:35:34Z" finished-at="2017-09-25T17:35:34Z">
      <class name="com.target.chess.PawnMoveTest">
        <test-method status="PASS" signature="test0PawnMove()[pri:0, instance:com.target.chess.PawnMoveTest@5afa04c]" name="test0PawnMove" duration-ms="28" started-at="2017-09-25T23:05:34Z" finished-at="2017-09-25T23:05:34Z">
          <reporter-output>
          </reporter-output>
        </test-method> <!-- test0PawnMove -->
        <test-method status="PASS" signature="test0PawnMoveInvalid()[pri:0, instance:com.target.chess.PawnMoveTest@5afa04c]" name="test0PawnMoveInvalid" duration-ms="2" started-at="2017-09-25T23:05:34Z" finished-at="2017-09-25T23:05:34Z">
          <reporter-output>
          </reporter-output>
        </test-method> <!-- test0PawnMoveInvalid -->
      </class> <!-- com.target.chess.PawnMoveTest -->
    </test> <!-- Default test -->
  </suite> <!-- Default suite -->
</testng-results>
