<?xml version="1.0" encoding="UTF-8"?>
<testng-results skipped="0" failed="0" total="5" passed="5">
  <reporter-output>
  </reporter-output>
  <suite name="Default suite" duration-ms="96" started-at="2017-09-25T15:54:09Z" finished-at="2017-09-25T15:54:09Z">
    <groups>
    </groups>
    <test name="Default test" duration-ms="96" started-at="2017-09-25T15:54:09Z" finished-at="2017-09-25T15:54:09Z">
      <class name="com.target.chess.ChessCommandTest">
        <test-method status="PASS" signature="bishopMoveTest()[pri:0, instance:com.target.chess.ChessCommandTest@5afa04c]" name="bishopMoveTest" duration-ms="39" started-at="2017-09-25T21:24:09Z" finished-at="2017-09-25T21:24:09Z">
          <reporter-output>
          </reporter-output>
        </test-method> <!-- bishopMoveTest -->
        <test-method status="PASS" signature="kingMoveTest()[pri:0, instance:com.target.chess.ChessCommandTest@5afa04c]" name="kingMoveTest" duration-ms="4" started-at="2017-09-25T21:24:09Z" finished-at="2017-09-25T21:24:09Z">
          <reporter-output>
          </reporter-output>
        </test-method> <!-- kingMoveTest -->
        <test-method status="PASS" signature="knightMoveTest()[pri:0, instance:com.target.chess.ChessCommandTest@5afa04c]" name="knightMoveTest" duration-ms="3" started-at="2017-09-25T21:24:09Z" finished-at="2017-09-25T21:24:09Z">
          <reporter-output>
          </reporter-output>
        </test-method> <!-- knightMoveTest -->
        <test-method status="PASS" signature="queenMoveTest()[pri:0, instance:com.target.chess.ChessCommandTest@5afa04c]" name="queenMoveTest" duration-ms="3" started-at="2017-09-25T21:24:09Z" finished-at="2017-09-25T21:24:09Z">
          <reporter-output>
          </reporter-output>
        </test-method> <!-- queenMoveTest -->
        <test-method status="PASS" signature="rookMoveTest()[pri:0, instance:com.target.chess.ChessCommandTest@5afa04c]" name="rookMoveTest" duration-ms="5" started-at="2017-09-25T21:24:09Z" finished-at="2017-09-25T21:24:09Z">
          <reporter-output>
          </reporter-output>
        </test-method> <!-- rookMoveTest -->
      </class> <!-- com.target.chess.ChessCommandTest -->
    </test> <!-- Default test -->
  </suite> <!-- Default suite -->
</testng-results>
